<?xml version="1.0" encoding="UTF-8"?>
<testng-results ignored="0" total="2" passed="1" failed="1" skipped="0">
  <reporter-output>
  </reporter-output>
  <suite started-at="2022-08-25T12:57:56 IST" name="Default suite" finished-at="2022-08-25T12:58:11 IST" duration-ms="15399">
    <groups>
    </groups>
    <test started-at="2022-08-25T12:57:56 IST" name="Default test" finished-at="2022-08-25T12:58:11 IST" duration-ms="15399">
      <class name="com.testng.FacebookLogin">
        <test-method is-config="true" signature="setUp()[pri:0, instance:com.testng.FacebookLogin@5f058f00]" started-at="2022-08-25T12:57:56 IST" name="setUp" finished-at="2022-08-25T12:58:03 IST" duration-ms="7311" status="PASS">
          <reporter-output>
          </reporter-output>
        </test-method> <!-- setUp -->
        <test-method signature="Test1()[pri:0, instance:com.testng.FacebookLogin@5f058f00]" started-at="2022-08-25T12:58:03 IST" name="Test1" finished-at="2022-08-25T12:58:05 IST" duration-ms="1586" status="PASS">
          <reporter-output>
          </reporter-output>
        </test-method> <!-- Test1 -->
        <test-method signature="Test2()[pri:0, instance:com.testng.FacebookLogin@5f058f00]" started-at="2022-08-25T12:58:05 IST" name="Test2" finished-at="2022-08-25T12:58:11 IST" duration-ms="6441" status="FAIL">
          <exception class="org.openqa.selenium.NoSuchElementException">
            <message>
              <![CDATA[no such element: Unable to locate element: {"method":"css selector","selector":"#mount_0_0_Ap > div > div:nth-child(1) > div > div.bdao358l.om3e55n1.g4tp4svg > div > div > div > div.alzwoclg.cqf1kptm.p1t2w4gn.fawcizw8.om3e55n1.g4tp4svg > div.bdao358l.jez8cy9q.t5n4vrf6.o9w3sbdw.sr926ui1.jl2a5g8c.alzwoclg.cgu29s5g.fawcizw8.om3e55n1.g4tp4svg.qkxw7tbt > div.bdao358l.om3e55n1.alzwoclg.cqf1kptm.gvxzyvdx.aeinzg81.jez8cy9q.fawcizw8.sl4bvocy.mm98tyaj.b0ur3jhr > div > div.r7ybg2qv.qbc87b33.jk4gexc9.alzwoclg.cqf1kptm.lq84ybu9.g4tp4svg.ly56v2vv.h67akvdo.ir1gxh3s.sqler345.by1hb0a5.thmcm15y.cgu29s5g.i15ihif8.dnr7xe2t.id4k59z1.jfw19y2w.b95sz57d.mm05nxu8.izce65as.om3e55n1.qbfhvn0q > div.alzwoclg.cqf1kptm.cgu29s5g.om3e55n1 > div.th51lws0 > div > div.r6ydv39a > div:nth-child(2) > a > div.s9ok87oh.bf1zulr9.s9ljgwtm.lxqftegz.frfouenu.r7bn319e.bonavkto.djs4p424.bdao358l.alzwoclg.cgu29s5g.i15ihif8.sl27f92c.m8h3af8h.l7ghb35v.kjdc1dyq.kmwttqpk.aeinzg81.srn514ro.rl78xhln.om3e55n1.g4tp4svg.i85zmo3j.jl2a5g8c.b0eko5f3.fwlpnqze.il7dmu95 > div.s9ok87oh.bf1zulr9.s9ljgwtm.lxqftegz.frfouenu.r7bn319e.bonavkto.djs4p424.bdao358l.alzwoclg.cgu29s5g.i15ihif8.sl27f92c.m8h3af8h.l7ghb35v.kjdc1dyq.kmwttqpk.dnr7xe2t.aeinzg81.srn514ro.oxkhqvkx.rl78xhln.nch0832m.g4tp4svg.i85zmo3j.k88nbmki.jl2a5g8c.om3e55n1 > div.o9w3sbdw.s9ok87oh.bf1zulr9.s9ljgwtm.lxqftegz.frfouenu.r7bn319e.bonavkto.djs4p424.bdao358l.alzwoclg.cqf1kptm.cgu29s5g.i15ihif8.sl27f92c.m8h3af8h.l7ghb35v.kjdc1dyq.kmwttqpk.dnr7xe2t.aeinzg81.oxkhqvkx.nch0832m.om3e55n1.g4tp4svg.jg3vgc78.s1m0hq7j.rj2hsocd > div > div > div > span > span"}
  (Session info: chrome=104.0.5112.102)
For documentation on this error, please visit: https://selenium.dev/exceptions/#no_such_element
Build info: version: '4.1.3', revision: '7b1ebf28ef'
System info: host: 'KULLAI', ip: '192.168.1.102', os.name: 'Windows 11', os.arch: 'amd64', os.version: '10.0', java.version: '18.0.1'
Driver info: org.openqa.selenium.chrome.ChromeDriver
Command: [e7ab4d7a639496e897e8e107b8132a29, findElement {using=css selector, value=#mount_0_0_Ap > div > div:nth-child(1) > div > div.bdao358l.om3e55n1.g4tp4svg > div > div > div > div.alzwoclg.cqf1kptm.p1t2w4gn.fawcizw8.om3e55n1.g4tp4svg > div.bdao358l.jez8cy9q.t5n4vrf6.o9w3sbdw.sr926ui1.jl2a5g8c.alzwoclg.cgu29s5g.fawcizw8.om3e55n1.g4tp4svg.qkxw7tbt > div.bdao358l.om3e55n1.alzwoclg.cqf1kptm.gvxzyvdx.aeinzg81.jez8cy9q.fawcizw8.sl4bvocy.mm98tyaj.b0ur3jhr > div > div.r7ybg2qv.qbc87b33.jk4gexc9.alzwoclg.cqf1kptm.lq84ybu9.g4tp4svg.ly56v2vv.h67akvdo.ir1gxh3s.sqler345.by1hb0a5.thmcm15y.cgu29s5g.i15ihif8.dnr7xe2t.id4k59z1.jfw19y2w.b95sz57d.mm05nxu8.izce65as.om3e55n1.qbfhvn0q > div.alzwoclg.cqf1kptm.cgu29s5g.om3e55n1 > div.th51lws0 > div > div.r6ydv39a > div:nth-child(2) > a > div.s9ok87oh.bf1zulr9.s9ljgwtm.lxqftegz.frfouenu.r7bn319e.bonavkto.djs4p424.bdao358l.alzwoclg.cgu29s5g.i15ihif8.sl27f92c.m8h3af8h.l7ghb35v.kjdc1dyq.kmwttqpk.aeinzg81.srn514ro.rl78xhln.om3e55n1.g4tp4svg.i85zmo3j.jl2a5g8c.b0eko5f3.fwlpnqze.il7dmu95 > div.s9ok87oh.bf1zulr9.s9ljgwtm.lxqftegz.frfouenu.r7bn319e.bonavkto.djs4p424.bdao358l.alzwoclg.cgu29s5g.i15ihif8.sl27f92c.m8h3af8h.l7ghb35v.kjdc1dyq.kmwttqpk.dnr7xe2t.aeinzg81.srn514ro.oxkhqvkx.rl78xhln.nch0832m.g4tp4svg.i85zmo3j.k88nbmki.jl2a5g8c.om3e55n1 > div.o9w3sbdw.s9ok87oh.bf1zulr9.s9ljgwtm.lxqftegz.frfouenu.r7bn319e.bonavkto.djs4p424.bdao358l.alzwoclg.cqf1kptm.cgu29s5g.i15ihif8.sl27f92c.m8h3af8h.l7ghb35v.kjdc1dyq.kmwttqpk.dnr7xe2t.aeinzg81.oxkhqvkx.nch0832m.om3e55n1.g4tp4svg.jg3vgc78.s1m0hq7j.rj2hsocd > div > div > div > span > span}]
Capabilities {acceptInsecureCerts: false, browserName: chrome, browserVersion: 104.0.5112.102, chrome: {chromedriverVersion: 104.0.5112.79 (3cf3e8c8a07d..., userDataDir: C:\Users\KULLAI~1\AppData\L...}, goog:chromeOptions: {debuggerAddress: localhost:53465}, javascriptEnabled: true, networkConnectionEnabled: false, pageLoadStrategy: normal, platform: WINDOWS, platformName: WINDOWS, proxy: Proxy(), se:cdp: ws://localhost:53465/devtoo..., se:cdpVersion: 104.0.5112.102, setWindowRect: true, strictFileInteractability: false, timeouts: {implicit: 0, pageLoad: 300000, script: 30000}, unhandledPromptBehavior: dismiss and notify, webauthn:extension:credBlob: true, webauthn:extension:largeBlob: true, webauthn:virtualAuthenticators: true}
Session ID: e7ab4d7a639496e897e8e107b8132a29]]>
            </message>
            <full-stacktrace>
              <![CDATA[org.openqa.selenium.NoSuchElementException: no such element: Unable to locate element: {"method":"css selector","selector":"#mount_0_0_Ap > div > div:nth-child(1) > div > div.bdao358l.om3e55n1.g4tp4svg > div > div > div > div.alzwoclg.cqf1kptm.p1t2w4gn.fawcizw8.om3e55n1.g4tp4svg > div.bdao358l.jez8cy9q.t5n4vrf6.o9w3sbdw.sr926ui1.jl2a5g8c.alzwoclg.cgu29s5g.fawcizw8.om3e55n1.g4tp4svg.qkxw7tbt > div.bdao358l.om3e55n1.alzwoclg.cqf1kptm.gvxzyvdx.aeinzg81.jez8cy9q.fawcizw8.sl4bvocy.mm98tyaj.b0ur3jhr > div > div.r7ybg2qv.qbc87b33.jk4gexc9.alzwoclg.cqf1kptm.lq84ybu9.g4tp4svg.ly56v2vv.h67akvdo.ir1gxh3s.sqler345.by1hb0a5.thmcm15y.cgu29s5g.i15ihif8.dnr7xe2t.id4k59z1.jfw19y2w.b95sz57d.mm05nxu8.izce65as.om3e55n1.qbfhvn0q > div.alzwoclg.cqf1kptm.cgu29s5g.om3e55n1 > div.th51lws0 > div > div.r6ydv39a > div:nth-child(2) > a > div.s9ok87oh.bf1zulr9.s9ljgwtm.lxqftegz.frfouenu.r7bn319e.bonavkto.djs4p424.bdao358l.alzwoclg.cgu29s5g.i15ihif8.sl27f92c.m8h3af8h.l7ghb35v.kjdc1dyq.kmwttqpk.aeinzg81.srn514ro.rl78xhln.om3e55n1.g4tp4svg.i85zmo3j.jl2a5g8c.b0eko5f3.fwlpnqze.il7dmu95 > div.s9ok87oh.bf1zulr9.s9ljgwtm.lxqftegz.frfouenu.r7bn319e.bonavkto.djs4p424.bdao358l.alzwoclg.cgu29s5g.i15ihif8.sl27f92c.m8h3af8h.l7ghb35v.kjdc1dyq.kmwttqpk.dnr7xe2t.aeinzg81.srn514ro.oxkhqvkx.rl78xhln.nch0832m.g4tp4svg.i85zmo3j.k88nbmki.jl2a5g8c.om3e55n1 > div.o9w3sbdw.s9ok87oh.bf1zulr9.s9ljgwtm.lxqftegz.frfouenu.r7bn319e.bonavkto.djs4p424.bdao358l.alzwoclg.cqf1kptm.cgu29s5g.i15ihif8.sl27f92c.m8h3af8h.l7ghb35v.kjdc1dyq.kmwttqpk.dnr7xe2t.aeinzg81.oxkhqvkx.nch0832m.om3e55n1.g4tp4svg.jg3vgc78.s1m0hq7j.rj2hsocd > div > div > div > span > span"}
  (Session info: chrome=104.0.5112.102)
For documentation on this error, please visit: https://selenium.dev/exceptions/#no_such_element
Build info: version: '4.1.3', revision: '7b1ebf28ef'
System info: host: 'KULLAI', ip: '192.168.1.102', os.name: 'Windows 11', os.arch: 'amd64', os.version: '10.0', java.version: '18.0.1'
Driver info: org.openqa.selenium.chrome.ChromeDriver
Command: [e7ab4d7a639496e897e8e107b8132a29, findElement {using=css selector, value=#mount_0_0_Ap > div > div:nth-child(1) > div > div.bdao358l.om3e55n1.g4tp4svg > div > div > div > div.alzwoclg.cqf1kptm.p1t2w4gn.fawcizw8.om3e55n1.g4tp4svg > div.bdao358l.jez8cy9q.t5n4vrf6.o9w3sbdw.sr926ui1.jl2a5g8c.alzwoclg.cgu29s5g.fawcizw8.om3e55n1.g4tp4svg.qkxw7tbt > div.bdao358l.om3e55n1.alzwoclg.cqf1kptm.gvxzyvdx.aeinzg81.jez8cy9q.fawcizw8.sl4bvocy.mm98tyaj.b0ur3jhr > div > div.r7ybg2qv.qbc87b33.jk4gexc9.alzwoclg.cqf1kptm.lq84ybu9.g4tp4svg.ly56v2vv.h67akvdo.ir1gxh3s.sqler345.by1hb0a5.thmcm15y.cgu29s5g.i15ihif8.dnr7xe2t.id4k59z1.jfw19y2w.b95sz57d.mm05nxu8.izce65as.om3e55n1.qbfhvn0q > div.alzwoclg.cqf1kptm.cgu29s5g.om3e55n1 > div.th51lws0 > div > div.r6ydv39a > div:nth-child(2) > a > div.s9ok87oh.bf1zulr9.s9ljgwtm.lxqftegz.frfouenu.r7bn319e.bonavkto.djs4p424.bdao358l.alzwoclg.cgu29s5g.i15ihif8.sl27f92c.m8h3af8h.l7ghb35v.kjdc1dyq.kmwttqpk.aeinzg81.srn514ro.rl78xhln.om3e55n1.g4tp4svg.i85zmo3j.jl2a5g8c.b0eko5f3.fwlpnqze.il7dmu95 > div.s9ok87oh.bf1zulr9.s9ljgwtm.lxqftegz.frfouenu.r7bn319e.bonavkto.djs4p424.bdao358l.alzwoclg.cgu29s5g.i15ihif8.sl27f92c.m8h3af8h.l7ghb35v.kjdc1dyq.kmwttqpk.dnr7xe2t.aeinzg81.srn514ro.oxkhqvkx.rl78xhln.nch0832m.g4tp4svg.i85zmo3j.k88nbmki.jl2a5g8c.om3e55n1 > div.o9w3sbdw.s9ok87oh.bf1zulr9.s9ljgwtm.lxqftegz.frfouenu.r7bn319e.bonavkto.djs4p424.bdao358l.alzwoclg.cqf1kptm.cgu29s5g.i15ihif8.sl27f92c.m8h3af8h.l7ghb35v.kjdc1dyq.kmwttqpk.dnr7xe2t.aeinzg81.oxkhqvkx.nch0832m.om3e55n1.g4tp4svg.jg3vgc78.s1m0hq7j.rj2hsocd > div > div > div > span > span}]
Capabilities {acceptInsecureCerts: false, browserName: chrome, browserVersion: 104.0.5112.102, chrome: {chromedriverVersion: 104.0.5112.79 (3cf3e8c8a07d..., userDataDir: C:\Users\KULLAI~1\AppData\L...}, goog:chromeOptions: {debuggerAddress: localhost:53465}, javascriptEnabled: true, networkConnectionEnabled: false, pageLoadStrategy: normal, platform: WINDOWS, platformName: WINDOWS, proxy: Proxy(), se:cdp: ws://localhost:53465/devtoo..., se:cdpVersion: 104.0.5112.102, setWindowRect: true, strictFileInteractability: false, timeouts: {implicit: 0, pageLoad: 300000, script: 30000}, unhandledPromptBehavior: dismiss and notify, webauthn:extension:credBlob: true, webauthn:extension:largeBlob: true, webauthn:virtualAuthenticators: true}
Session ID: e7ab4d7a639496e897e8e107b8132a29
at java.base/jdk.internal.reflect.DirectConstructorHandleAccessor.newInstance(DirectConstructorHandleAccessor.java:67)
at java.base/java.lang.reflect.Constructor.newInstanceWithCaller(Constructor.java:499)
at java.base/java.lang.reflect.Constructor.newInstance(Constructor.java:483)
at org.openqa.selenium.remote.codec.w3c.W3CHttpResponseCodec.createException(W3CHttpResponseCodec.java:200)
at org.openqa.selenium.remote.codec.w3c.W3CHttpResponseCodec.decode(W3CHttpResponseCodec.java:133)
at org.openqa.selenium.remote.codec.w3c.W3CHttpResponseCodec.decode(W3CHttpResponseCodec.java:53)
at org.openqa.selenium.remote.HttpCommandExecutor.execute(HttpCommandExecutor.java:184)
at org.openqa.selenium.remote.service.DriverCommandExecutor.invokeExecute(DriverCommandExecutor.java:167)
at org.openqa.selenium.remote.service.DriverCommandExecutor.execute(DriverCommandExecutor.java:142)
at org.openqa.selenium.remote.RemoteWebDriver.execute(RemoteWebDriver.java:567)
at org.openqa.selenium.remote.ElementLocation$ElementFinder$2.findElement(ElementLocation.java:162)
at org.openqa.selenium.remote.ElementLocation.findElement(ElementLocation.java:60)
at org.openqa.selenium.remote.RemoteWebDriver.findElement(RemoteWebDriver.java:385)
at org.openqa.selenium.remote.RemoteWebDriver.findElement(RemoteWebDriver.java:377)
at com.testng.FacebookLogin.Test2(FacebookLogin.java:39)
at java.base/jdk.internal.reflect.DirectMethodHandleAccessor.invoke(DirectMethodHandleAccessor.java:104)
at java.base/java.lang.reflect.Method.invoke(Method.java:577)
at org.testng.internal.MethodInvocationHelper.invokeMethod(MethodInvocationHelper.java:133)
at org.testng.internal.TestInvoker.invokeMethod(TestInvoker.java:598)
at org.testng.internal.TestInvoker.invokeTestMethod(TestInvoker.java:173)
at org.testng.internal.MethodRunner.runInSequence(MethodRunner.java:46)
at org.testng.internal.TestInvoker$MethodInvocationAgent.invoke(TestInvoker.java:824)
at org.testng.internal.TestInvoker.invokeTestMethods(TestInvoker.java:146)
at org.testng.internal.TestMethodWorker.invokeTestMethods(TestMethodWorker.java:146)
at org.testng.internal.TestMethodWorker.run(TestMethodWorker.java:128)
at java.base/java.util.ArrayList.forEach(ArrayList.java:1511)
at org.testng.TestRunner.privateRun(TestRunner.java:794)
at org.testng.TestRunner.run(TestRunner.java:596)
at org.testng.SuiteRunner.runTest(SuiteRunner.java:377)
at org.testng.SuiteRunner.runSequentially(SuiteRunner.java:371)
at org.testng.SuiteRunner.privateRun(SuiteRunner.java:332)
at org.testng.SuiteRunner.run(SuiteRunner.java:276)
at org.testng.SuiteRunnerWorker.runSuite(SuiteRunnerWorker.java:53)
at org.testng.SuiteRunnerWorker.run(SuiteRunnerWorker.java:96)
at org.testng.TestNG.runSuitesSequentially(TestNG.java:1212)
at org.testng.TestNG.runSuitesLocally(TestNG.java:1134)
at org.testng.TestNG.runSuites(TestNG.java:1063)
at org.testng.TestNG.run(TestNG.java:1031)
at org.testng.remote.AbstractRemoteTestNG.run(AbstractRemoteTestNG.java:115)
at org.testng.remote.RemoteTestNG.initAndRun(RemoteTestNG.java:251)
at org.testng.remote.RemoteTestNG.main(RemoteTestNG.java:77)
]]>
            </full-stacktrace>
          </exception> <!-- org.openqa.selenium.NoSuchElementException -->
          <reporter-output>
          </reporter-output>
        </test-method> <!-- Test2 -->
      </class> <!-- com.testng.FacebookLogin -->
    </test> <!-- Default test -->
  </suite> <!-- Default suite -->
</testng-results>
