<?xml version="1.0" encoding="UTF-8"?>
<!-- Generated by org.testng.reporters.JUnitReportReporter -->
<testsuite hostname="Kullai" failures="0" tests="3" name="com.testng.TestAnnotation" time="0.013" errors="0" timestamp="2022-08-23T18:24:35 IST" skipped="0">
  <testcase classname="com.testng.TestAnnotation" name="Test1" time="0.007"/>
  <system-out/>
  <testcase classname="com.testng.TestAnnotation" name="Test3" time="0.004"/>
  <system-out/>
  <testcase classname="com.testng.TestAnnotation" name="Test2" time="0.002"/>
  <system-out/>
</testsuite> <!-- com.testng.TestAnnotation -->
